1462898083.399931 client started (107320): socket /tmp/tmux-197609/default, protocol 8
1462898083.400052 on CYGWIN_NT-6.3 2.5.1(0.297/5/3) 2016-04-21 22:14; libevent 2.0.22-stable (poll)
1462898083.400111 socket is /tmp/tmux-197609/default
1462898083.400208 trying connect
1462898084.402500 connect failed: Connection refused
1462898084.402587 lock file is /tmp/tmux-197609/default.lock
1462898084.403381 flock succeeded
1462898084.403423 got lock (6)
1462898084.403510 trying connect
1462898085.471226 connect failed: Connection refused
1462898085.476363 add peer 0x60005fbe0: 7 (0x0)
1462898085.476551 sending message 100 to peer 0x60005fbe0 (4 bytes)
1462898085.476571 sending message 101 to peer 0x60005fbe0 (6 bytes)
1462898085.476585 sending message 102 to peer 0x60005fbe0 (10 bytes)
1462898085.476596 sending message 108 to peer 0x60005fbe0 (23 bytes)
1462898085.476616 sending message 104 to peer 0x60005fbe0 (0 bytes)
1462898085.476629 sending message 107 to peer 0x60005fbe0 (4 bytes)
1462898085.476641 sending message 105 to peer 0x60005fbe0 (31 bytes)
1462898085.476653 sending message 105 to peer 0x60005fbe0 (40 bytes)
1462898085.476664 sending message 105 to peer 0x60005fbe0 (25 bytes)
1462898085.476676 sending message 105 to peer 0x60005fbe0 (49 bytes)
1462898085.476689 sending message 105 to peer 0x60005fbe0 (60 bytes)
1462898085.476701 sending message 105 to peer 0x60005fbe0 (49 bytes)
1462898085.476712 sending message 105 to peer 0x60005fbe0 (21 bytes)
1462898085.476724 sending message 105 to peer 0x60005fbe0 (36 bytes)
1462898085.476737 sending message 105 to peer 0x60005fbe0 (67 bytes)
1462898085.476749 sending message 105 to peer 0x60005fbe0 (36 bytes)
1462898085.476761 sending message 105 to peer 0x60005fbe0 (20 bytes)
1462898085.476772 sending message 105 to peer 0x60005fbe0 (13 bytes)
1462898085.476783 sending message 105 to peer 0x60005fbe0 (23 bytes)
1462898085.476796 sending message 105 to peer 0x60005fbe0 (44 bytes)
1462898085.476808 sending message 105 to peer 0x60005fbe0 (54 bytes)
1462898085.476820 sending message 105 to peer 0x60005fbe0 (43 bytes)
1462898085.476831 sending message 105 to peer 0x60005fbe0 (31 bytes)
1462898085.476843 sending message 105 to peer 0x60005fbe0 (23 bytes)
1462898085.476854 sending message 105 to peer 0x60005fbe0 (14 bytes)
1462898085.476867 sending message 105 to peer 0x60005fbe0 (1965 bytes)
1462898085.476879 sending message 105 to peer 0x60005fbe0 (62 bytes)
1462898085.476890 sending message 105 to peer 0x60005fbe0 (29 bytes)
1462898085.476902 sending message 105 to peer 0x60005fbe0 (72 bytes)
1462898085.476914 sending message 105 to peer 0x60005fbe0 (18 bytes)
1462898085.476926 sending message 105 to peer 0x60005fbe0 (24 bytes)
1462898085.476938 sending message 105 to peer 0x60005fbe0 (27 bytes)
1462898085.476949 sending message 105 to peer 0x60005fbe0 (30 bytes)
1462898085.476961 sending message 105 to peer 0x60005fbe0 (41 bytes)
1462898085.476972 sending message 105 to peer 0x60005fbe0 (30 bytes)
1462898085.476985 sending message 105 to peer 0x60005fbe0 (65 bytes)
1462898085.476998 sending message 105 to peer 0x60005fbe0 (23 bytes)
1462898085.477010 sending message 105 to peer 0x60005fbe0 (66 bytes)
1462898085.477022 sending message 105 to peer 0x60005fbe0 (20 bytes)
1462898085.477033 sending message 105 to peer 0x60005fbe0 (15 bytes)
1462898085.477044 sending message 105 to peer 0x60005fbe0 (22 bytes)
1462898085.477056 sending message 105 to peer 0x60005fbe0 (19 bytes)
1462898085.477068 sending message 105 to peer 0x60005fbe0 (34 bytes)
1462898085.477080 sending message 105 to peer 0x60005fbe0 (16 bytes)
1462898085.477092 sending message 105 to peer 0x60005fbe0 (28 bytes)
1462898085.477104 sending message 105 to peer 0x60005fbe0 (58 bytes)
1462898085.477117 sending message 105 to peer 0x60005fbe0 (82 bytes)
1462898085.477130 sending message 105 to peer 0x60005fbe0 (82 bytes)
1462898085.477142 sending message 105 to peer 0x60005fbe0 (82 bytes)
1462898085.477154 sending message 105 to peer 0x60005fbe0 (82 bytes)
1462898085.477165 sending message 105 to peer 0x60005fbe0 (55 bytes)
1462898085.477214 sending message 105 to peer 0x60005fbe0 (18 bytes)
1462898085.477231 sending message 105 to peer 0x60005fbe0 (11 bytes)
1462898085.477243 sending message 105 to peer 0x60005fbe0 (18 bytes)
1462898085.477255 sending message 105 to peer 0x60005fbe0 (15 bytes)
1462898085.477266 sending message 105 to peer 0x60005fbe0 (8 bytes)
1462898085.477278 sending message 105 to peer 0x60005fbe0 (27 bytes)
1462898085.477289 sending message 105 to peer 0x60005fbe0 (20 bytes)
1462898085.477301 sending message 105 to peer 0x60005fbe0 (17 bytes)
1462898085.477313 sending message 105 to peer 0x60005fbe0 (14 bytes)
1462898085.477324 sending message 105 to peer 0x60005fbe0 (15 bytes)
1462898085.477336 sending message 105 to peer 0x60005fbe0 (17 bytes)
1462898085.477349 sending message 105 to peer 0x60005fbe0 (1927 bytes)
1462898085.477362 sending message 105 to peer 0x60005fbe0 (51 bytes)
1462898085.477373 sending message 105 to peer 0x60005fbe0 (12 bytes)
1462898085.477385 sending message 105 to peer 0x60005fbe0 (9 bytes)
1462898085.477397 sending message 105 to peer 0x60005fbe0 (10 bytes)
1462898085.477408 sending message 105 to peer 0x60005fbe0 (18 bytes)
1462898085.477419 sending message 105 to peer 0x60005fbe0 (17 bytes)
1462898085.477431 sending message 105 to peer 0x60005fbe0 (10 bytes)
1462898085.477443 sending message 105 to peer 0x60005fbe0 (5 bytes)
1462898085.477454 sending message 105 to peer 0x60005fbe0 (16 bytes)
1462898085.477466 sending message 106 to peer 0x60005fbe0 (0 bytes)
1462898085.477483 sending message 200 to peer 0x60005fbe0 (4 bytes)
1462898085.477495 client loop enter
1462898085.527020 peer 0x60005fbe0 message 207
1462898085.527040 sending message 208 to peer 0x60005fbe0 (0 bytes)
1462898105.864831 peer 0x60005fbe0 message 210
1462898105.864854 sending message 205 to peer 0x60005fbe0 (0 bytes)
1462898105.865506 peer 0x60005fbe0 message 204
1462898105.865524 client loop exit
