1462898007.827926 client started (105792): socket /tmp/tmux-197609/default, protocol 8
1462898007.828047 on CYGWIN_NT-6.3 2.5.1(0.297/5/3) 2016-04-21 22:14; libevent 2.0.22-stable (poll)
1462898007.828098 socket is /tmp/tmux-197609/default
1462898007.828193 trying connect
1462898008.911805 connect failed: Connection refused
1462898008.911908 lock file is /tmp/tmux-197609/default.lock
1462898008.912980 flock succeeded
1462898008.913016 got lock (6)
1462898008.913099 trying connect
1462898009.918454 connect failed: Connection refused
1462898009.926813 add peer 0x60005fbe0: 7 (0x0)
1462898009.926997 sending message 100 to peer 0x60005fbe0 (4 bytes)
1462898009.927016 sending message 101 to peer 0x60005fbe0 (6 bytes)
1462898009.927029 sending message 102 to peer 0x60005fbe0 (10 bytes)
1462898009.927040 sending message 108 to peer 0x60005fbe0 (23 bytes)
1462898009.927061 sending message 104 to peer 0x60005fbe0 (0 bytes)
1462898009.927074 sending message 107 to peer 0x60005fbe0 (4 bytes)
1462898009.927087 sending message 105 to peer 0x60005fbe0 (31 bytes)
1462898009.927100 sending message 105 to peer 0x60005fbe0 (40 bytes)
1462898009.927111 sending message 105 to peer 0x60005fbe0 (25 bytes)
1462898009.927123 sending message 105 to peer 0x60005fbe0 (49 bytes)
1462898009.927135 sending message 105 to peer 0x60005fbe0 (60 bytes)
1462898009.927147 sending message 105 to peer 0x60005fbe0 (49 bytes)
1462898009.927160 sending message 105 to peer 0x60005fbe0 (21 bytes)
1462898009.927172 sending message 105 to peer 0x60005fbe0 (36 bytes)
1462898009.927185 sending message 105 to peer 0x60005fbe0 (67 bytes)
1462898009.927197 sending message 105 to peer 0x60005fbe0 (36 bytes)
1462898009.927209 sending message 105 to peer 0x60005fbe0 (20 bytes)
1462898009.927220 sending message 105 to peer 0x60005fbe0 (13 bytes)
1462898009.927231 sending message 105 to peer 0x60005fbe0 (23 bytes)
1462898009.927243 sending message 105 to peer 0x60005fbe0 (44 bytes)
1462898009.927254 sending message 105 to peer 0x60005fbe0 (54 bytes)
1462898009.927266 sending message 105 to peer 0x60005fbe0 (43 bytes)
1462898009.927278 sending message 105 to peer 0x60005fbe0 (31 bytes)
1462898009.927290 sending message 105 to peer 0x60005fbe0 (23 bytes)
1462898009.927302 sending message 105 to peer 0x60005fbe0 (14 bytes)
1462898009.927314 sending message 105 to peer 0x60005fbe0 (1965 bytes)
1462898009.927326 sending message 105 to peer 0x60005fbe0 (62 bytes)
1462898009.927337 sending message 105 to peer 0x60005fbe0 (29 bytes)
1462898009.927350 sending message 105 to peer 0x60005fbe0 (72 bytes)
1462898009.927363 sending message 105 to peer 0x60005fbe0 (18 bytes)
1462898009.927375 sending message 105 to peer 0x60005fbe0 (24 bytes)
1462898009.927387 sending message 105 to peer 0x60005fbe0 (27 bytes)
1462898009.927399 sending message 105 to peer 0x60005fbe0 (30 bytes)
1462898009.927411 sending message 105 to peer 0x60005fbe0 (41 bytes)
1462898009.927422 sending message 105 to peer 0x60005fbe0 (30 bytes)
1462898009.927433 sending message 105 to peer 0x60005fbe0 (65 bytes)
1462898009.927444 sending message 105 to peer 0x60005fbe0 (23 bytes)
1462898009.927455 sending message 105 to peer 0x60005fbe0 (66 bytes)
1462898009.927467 sending message 105 to peer 0x60005fbe0 (20 bytes)
1462898009.927478 sending message 105 to peer 0x60005fbe0 (15 bytes)
1462898009.927490 sending message 105 to peer 0x60005fbe0 (22 bytes)
1462898009.927503 sending message 105 to peer 0x60005fbe0 (19 bytes)
1462898009.927515 sending message 105 to peer 0x60005fbe0 (34 bytes)
1462898009.927526 sending message 105 to peer 0x60005fbe0 (16 bytes)
1462898009.927538 sending message 105 to peer 0x60005fbe0 (28 bytes)
1462898009.927550 sending message 105 to peer 0x60005fbe0 (58 bytes)
1462898009.927562 sending message 105 to peer 0x60005fbe0 (82 bytes)
1462898009.927573 sending message 105 to peer 0x60005fbe0 (82 bytes)
1462898009.927584 sending message 105 to peer 0x60005fbe0 (82 bytes)
1462898009.927596 sending message 105 to peer 0x60005fbe0 (82 bytes)
1462898009.927608 sending message 105 to peer 0x60005fbe0 (55 bytes)
1462898009.927653 sending message 105 to peer 0x60005fbe0 (18 bytes)
1462898009.927668 sending message 105 to peer 0x60005fbe0 (11 bytes)
1462898009.927680 sending message 105 to peer 0x60005fbe0 (18 bytes)
1462898009.927692 sending message 105 to peer 0x60005fbe0 (15 bytes)
1462898009.927704 sending message 105 to peer 0x60005fbe0 (8 bytes)
1462898009.927716 sending message 105 to peer 0x60005fbe0 (27 bytes)
1462898009.927728 sending message 105 to peer 0x60005fbe0 (20 bytes)
1462898009.927739 sending message 105 to peer 0x60005fbe0 (17 bytes)
1462898009.927751 sending message 105 to peer 0x60005fbe0 (14 bytes)
1462898009.927763 sending message 105 to peer 0x60005fbe0 (15 bytes)
1462898009.927775 sending message 105 to peer 0x60005fbe0 (17 bytes)
1462898009.927787 sending message 105 to peer 0x60005fbe0 (1927 bytes)
1462898009.927800 sending message 105 to peer 0x60005fbe0 (51 bytes)
1462898009.927812 sending message 105 to peer 0x60005fbe0 (12 bytes)
1462898009.927823 sending message 105 to peer 0x60005fbe0 (9 bytes)
1462898009.927835 sending message 105 to peer 0x60005fbe0 (10 bytes)
1462898009.927846 sending message 105 to peer 0x60005fbe0 (18 bytes)
1462898009.927857 sending message 105 to peer 0x60005fbe0 (17 bytes)
1462898009.927868 sending message 105 to peer 0x60005fbe0 (10 bytes)
1462898009.927879 sending message 105 to peer 0x60005fbe0 (5 bytes)
1462898009.927891 sending message 105 to peer 0x60005fbe0 (16 bytes)
1462898009.927904 sending message 106 to peer 0x60005fbe0 (0 bytes)
1462898009.927921 sending message 200 to peer 0x60005fbe0 (4 bytes)
1462898009.927932 client loop enter
1462898010.062314 peer 0x60005fbe0 message 207
1462898010.062334 sending message 208 to peer 0x60005fbe0 (0 bytes)
1462898030.990740 peer 0x60005fbe0 message 210
1462898030.990764 sending message 205 to peer 0x60005fbe0 (0 bytes)
1462898030.991900 peer 0x60005fbe0 message 204
1462898030.991918 client loop exit
